<?xml version="1.0" encoding="UTF-8"?>
<testsuite xmlns:xsi="http://www.w3.org/2001/XMLSchema-instance" xsi:noNamespaceSchemaLocation="https://maven.apache.org/surefire/maven-surefire-plugin/xsd/surefire-test-report.xsd" name="TestSuite" time="24.945" tests="3" errors="0" skipped="0" failures="1">
  <properties>
[...]
</properties>
  <testcase name="TC01_FailedLoginTest" classname="com.BusyQA.UITest.TestCases.Sprint1.TC_LoginTest" time="3.356"/>
  <testcase name="TC02_FailedLoginTest" classname="com.BusyQA.UITest.TestCases.Sprint1.TC_LoginTest" time="1.633">
    <failure message="Not matched expected [Invalid] but found [Invalid credentials]" type="java.lang.AssertionError">java.lang.AssertionError: Not matched expected [Invalid] but found [Invalid credentials]
	at com.BusyQA.UITest.TestCases.Sprint1.TC_LoginTest.TC02_FailedLoginTest(TC_LoginTest.java:72)
</failure>
    <system-out><![CDATA[ INFO [TestNG] (TC_LoginTest.java:64)- []
 INFO [TestNG] (ExcelReaderTest.java:37)- Row Count: 4
 INFO [TestNG] (ExcelReaderTest.java:39)- Column Count: 3
 INFO [TestNG] (ExcelReaderTest.java:42)- Row Number: <xml-fragment r="3" spans="1:3" xmlns:r="http://schemas.openxmlformats.org/officeDocument/2006/relationships" xmlns:mc="http://schemas.openxmlformats.org/markup-compatibility/2006" xmlns:x14ac="http://schemas.microsoft.com/office/spreadsheetml/2009/9/ac" xmlns:xr="http://schemas.microsoft.com/office/spreadsheetml/2014/revision" xmlns:xr2="http://schemas.microsoft.com/office/spreadsheetml/2015/revision2" xmlns:xr3="http://schemas.microsoft.com/office/spreadsheetml/2016/revision3" xmlns:main="http://schemas.openxmlformats.org/spreadsheetml/2006/main">
  <main:c r="A3" t="s">
    <main:v>4</main:v>
  </main:c>
  <main:c r="B3" t="s">
    <main:v>3</main:v>
  </main:c>
</xml-fragment>
 INFO [TestNG] (TC_LoginTest.java:66)- [admin123, admin]
Screenshot taken
]]></system-out>
  </testcase>
  <testcase name="TC03_SuccessLoginTest" classname="com.BusyQA.UITest.TestCases.Sprint1.TC_LoginTest" time="5.524"/>
</testsuite>